[2018.06.26-11.55.05:589][844]Log file open, 06/26/18 12:55:05
[2018.06.26-11.55.05:589][844]Player Taris used command: NoSprintCost (player is admin)
[2018.06.26-11.55.48:956][138]Player Taris used command: SpawnItem 80301 1 (player is admin)
[2018.06.26-11.55.49:123][143]Player Taris used command: SpawnItem 80301 1 (player is admin)
[2018.06.26-11.55.49:290][148]Player Taris used command: SpawnItem 80301 1 (player is admin)
[2018.06.26-11.55.49:424][152]Player Taris used command: SpawnItem 80301 1 (player is admin)
[2018.06.26-11.55.49:624][158]Player Taris used command: SpawnItem 80301 1 (player is admin)
[2018.06.26-11.57.24:164][985]Player Taris used command: SpawnItem 80536 1 (player is admin)
[2018.06.26-11.57.24:332][990]Player Taris used command: SpawnItem 80536 1 (player is admin)
[2018.06.26-11.57.24:464][994]Player Taris used command: SpawnItem 80536 1 (player is admin)
[2018.06.26-11.57.24:598][998]Player Taris used command: SpawnItem 80536 1 (player is admin)
[2018.06.26-11.57.24:731][  2]Player Taris used command: SpawnItem 80536 1 (player is admin)
[2018.06.26-11.57.24:865][  6]Player Taris used command: SpawnItem 80536 1 (player is admin)
[2018.06.26-11.57.25:099][ 13]Player Taris used command: SpawnItem 80536 1 (player is admin)
[2018.06.26-11.57.25:299][ 19]Player Taris used command: SpawnItem 80536 1 (player is admin)
[2018.06.26-11.57.25:432][ 23]Player Taris used command: SpawnItem 80536 1 (player is admin)
[2018.06.26-11.57.25:532][ 26]Player Taris used command: SpawnItem 80536 1 (player is admin)
[2018.06.26-11.57.25:668][ 30]Player Taris used command: SpawnItem 80536 1 (player is admin)
[2018.06.26-11.57.25:768][ 33]Player Taris used command: SpawnItem 80536 1 (player is admin)
[2018.06.26-11.57.25:901][ 37]Player Taris used command: SpawnItem 80536 1 (player is admin)
[2018.06.26-11.58.47:467][470]Player Taris used command: SpawnItem 90273 1 (player is admin)
[2018.06.26-11.58.47:634][475]Player Taris used command: SpawnItem 90273 1 (player is admin)
[2018.06.26-11.58.47:767][479]Player Taris used command: SpawnItem 90273 1 (player is admin)
[2018.06.26-11.58.47:934][484]Player Taris used command: SpawnItem 90273 1 (player is admin)
[2018.06.26-11.58.48:100][489]Player Taris used command: SpawnItem 90273 1 (player is admin)
[2018.06.26-11.58.48:267][494]Player Taris used command: SpawnItem 90273 1 (player is admin)
[2018.06.26-11.58.48:434][499]Player Taris used command: SpawnItem 90273 1 (player is admin)
[2018.06.26-11.58.48:602][504]Player Taris used command: SpawnItem 90273 1 (player is admin)
[2018.06.26-12.02.20:960][848]Player Taris used command: SpawnItem 90273 1 (player is admin)
[2018.06.26-12.05.01:136][628]Player Taris used command: SpawnItem 8180 4 (player is admin)
[2018.06.26-12.05.02:536][670]Player Taris used command: SpawnItem 8181 4 (player is admin)
[2018.06.26-12.05.03:306][693]Player Taris used command: SpawnItem 8182 4 (player is admin)
[2018.06.26-12.05.04:077][716]Player Taris used command: SpawnItem 8183 4 (player is admin)
[2018.06.26-12.05.04:808][738]Player Taris used command: SpawnItem 8184 4 (player is admin)
[2018.06.26-12.05.16:498][ 88]Player Taris used command: SpawnItem 8218 4 (player is admin)
[2018.06.26-12.08.40:780][192]Player Taris used command: SpawnItem 8140 4 (player is admin)
[2018.06.26-12.08.41:376][210]Player Taris used command: SpawnItem 8141 4 (player is admin)
[2018.06.26-12.08.42:243][236]Player Taris used command: SpawnItem 8142 4 (player is admin)
[2018.06.26-12.08.42:846][254]Player Taris used command: SpawnItem 8143 4 (player is admin)
[2018.06.26-12.08.43:776][282]Player Taris used command: SpawnItem 8144 4 (player is admin)
[2018.06.26-12.09.04:195][894]Player Taris used command: SpawnItem 8229 4 (player is admin)
[2018.06.26-12.12.09:782][442]Player Taris used command: SpawnItem 8308 100 (player is admin)
[2018.06.26-12.12.09:981][448]Player Taris used command: SpawnItem 8308 100 (player is admin)
[2018.06.26-12.12.12:352][519]Player Taris used command: SpawnItem 8300 100 (player is admin)
[2018.06.26-12.12.12:518][524]Player Taris used command: SpawnItem 8300 100 (player is admin)
[2018.06.26-12.12.12:683][529]Player Taris used command: SpawnItem 8300 100 (player is admin)
[2018.06.26-12.12.20:236][756]Player Taris used command: SpawnItem 8317 100 (player is admin)
[2018.06.26-12.12.21:000][779]Player Taris used command: SpawnItem 8317 100 (player is admin)
[2018.06.26-12.12.22:739][831]Player Taris used command: SpawnItem 8306 100 (player is admin)
[2018.06.26-12.12.23:072][841]Player Taris used command: SpawnItem 8306 100 (player is admin)
[2018.06.26-12.12.48:927][611]Player Taris entered movement mode Flying (player is admin)
[2018.06.26-12.12.48:930][611]Player Taris used command: ghost (player is admin)
[2018.06.26-12.14.52:354][299]Player Taris used command: fly (player is admin)
[2018.06.26-12.45.27:773][161]Player Taris used command: SpawnItem 8333 1 (player is admin)
[2018.06.26-12.45.28:242][175]Player Taris used command: SpawnItem 8334 1 (player is admin)
[2018.06.26-12.46.27:256][938]Player Taris used command: SpawnItem 8334 1 (player is admin)
[2018.06.26-12.47.32:721][895]Player Taris used command: SpawnItem 8325 1 (player is admin)
[2018.06.26-12.47.36:487][  8]Player Taris used command: SpawnItem 8323 1 (player is admin)
[2018.06.26-12.47.36:753][ 16]Player Taris used command: SpawnItem 8323 1 (player is admin)
[2018.06.26-12.47.36:956][ 22]Player Taris used command: SpawnItem 8323 1 (player is admin)
[2018.06.26-12.47.37:122][ 27]Player Taris used command: SpawnItem 8323 1 (player is admin)
[2018.06.26-12.47.37:288][ 32]Player Taris used command: SpawnItem 8323 1 (player is admin)
[2018.06.26-12.47.38:121][ 57]Player Taris used command: SpawnItem 8325 1 (player is admin)
[2018.06.26-12.47.38:335][ 58]Player Taris used command: SpawnItem 8325 1 (player is admin)
[2018.06.26-12.47.38:504][ 63]Player Taris used command: SpawnItem 8325 1 (player is admin)
[2018.06.26-12.47.38:704][ 69]Player Taris used command: SpawnItem 8325 1 (player is admin)
[2018.06.26-12.47.39:235][ 85]Player Taris used command: SpawnItem 8320 1 (player is admin)
[2018.06.26-12.47.39:402][ 90]Player Taris used command: SpawnItem 8320 1 (player is admin)
[2018.06.26-12.47.39:568][ 95]Player Taris used command: SpawnItem 8320 1 (player is admin)
[2018.06.26-12.47.39:701][ 99]Player Taris used command: SpawnItem 8320 1 (player is admin)
[2018.06.26-12.47.39:866][104]Player Taris used command: SpawnItem 8320 1 (player is admin)
[2018.06.26-12.47.40:065][110]Player Taris used command: SpawnItem 8320 1 (player is admin)
[2018.06.26-12.47.40:234][115]Player Taris used command: SpawnItem 8320 1 (player is admin)
[2018.06.26-12.47.40:402][120]Player Taris used command: SpawnItem 8320 1 (player is admin)
[2018.06.26-12.47.40:603][126]Player Taris used command: SpawnItem 8320 1 (player is admin)
[2018.06.26-12.47.40:770][131]Player Taris used command: SpawnItem 8320 1 (player is admin)
[2018.06.26-12.47.40:937][136]Player Taris used command: SpawnItem 8320 1 (player is admin)
[2018.06.26-12.47.41:105][141]Player Taris used command: SpawnItem 8320 1 (player is admin)
[2018.06.26-12.48.29:437][589]Player Taris used command: SpawnItem 8325 1 (player is admin)
[2018.06.26-12.48.31:632][655]Player Taris used command: SpawnItem 8326 1 (player is admin)
[2018.06.26-12.50.32:373][259]Player Taris used command: SpawnItem 8325 50 (player is admin)
[2018.06.26-12.50.33:569][295]Player Taris used command: SpawnItem 8326 50 (player is admin)
[2018.06.26-12.52.29:209][751]Player Taris used command: SpawnItem 8320 1 (player is admin)
[2018.06.26-12.52.29:375][756]Player Taris used command: SpawnItem 8320 1 (player is admin)
[2018.06.26-12.52.30:615][793]Player Taris used command: SpawnItem 8320 1 (player is admin)
[2018.06.26-12.52.30:816][799]Player Taris used command: SpawnItem 8320 1 (player is admin)
[2018.06.26-12.55.07:577][479]Player Taris used command: SpawnItem 8320 1 (player is admin)
[2018.06.26-12.55.07:710][483]Player Taris used command: SpawnItem 8320 1 (player is admin)
[2018.06.26-12.55.07:843][487]Player Taris used command: SpawnItem 8320 1 (player is admin)
[2018.06.26-12.55.07:979][491]Player Taris used command: SpawnItem 8320 1 (player is admin)
[2018.06.26-12.55.08:146][496]Player Taris used command: SpawnItem 8320 1 (player is admin)
[2018.06.26-12.55.08:312][501]Player Taris used command: SpawnItem 8320 1 (player is admin)
[2018.06.26-12.55.08:478][506]Player Taris used command: SpawnItem 8320 1 (player is admin)
[2018.06.26-12.55.08:645][511]Player Taris used command: SpawnItem 8320 1 (player is admin)
[2018.06.26-12.55.08:847][517]Player Taris used command: SpawnItem 8320 1 (player is admin)
[2018.06.26-12.55.12:754][634]Player Taris used command: SpawnItem 8318 80 (player is admin)
[2018.06.26-12.55.44:288][574]Player Taris used command: SpawnItem 8323 1 (player is admin)
[2018.06.26-12.55.44:421][578]Player Taris used command: SpawnItem 8323 1 (player is admin)
[2018.06.26-12.55.44:589][583]Player Taris used command: SpawnItem 8323 1 (player is admin)
[2018.06.26-12.55.44:721][587]Player Taris used command: SpawnItem 8323 1 (player is admin)
[2018.06.26-12.55.44:887][592]Player Taris used command: SpawnItem 8323 1 (player is admin)
[2018.06.26-12.55.45:053][597]Player Taris used command: SpawnItem 8323 1 (player is admin)
[2018.06.26-12.55.45:153][600]Player Taris used command: SpawnItem 8323 1 (player is admin)
[2018.06.26-14.23.58:871][757]Player Taris entered movement mode Flying (player is admin)
[2018.06.26-14.23.58:882][757]Player Taris used command: fly (player is admin)
[2018.06.26-14.30.31:992][452]Player Taris used command: SpawnItem 8363 1 (player is admin)
[2018.06.26-14.30.32:492][467]Player Taris used command: SpawnItem 8363 1 (player is admin)
[2018.06.26-14.30.33:792][506]Player Taris used command: SpawnItem 8365 1 (player is admin)
[2018.06.26-14.30.34:025][513]Player Taris used command: SpawnItem 8365 1 (player is admin)
[2018.06.26-14.30.35:559][559]Player Taris used command: SpawnItem 8366 1 (player is admin)
[2018.06.26-14.30.36:125][576]Player Taris used command: SpawnItem 8366 1 (player is admin)
[2018.06.26-14.30.36:358][583]Player Taris used command: SpawnItem 8366 1 (player is admin)
[2018.06.26-14.30.36:558][589]Player Taris used command: SpawnItem 8366 1 (player is admin)
[2018.06.26-14.30.36:791][596]Player Taris used command: SpawnItem 8366 1 (player is admin)
[2018.06.26-14.30.36:957][601]Player Taris used command: SpawnItem 8366 1 (player is admin)
[2018.06.26-14.30.37:126][606]Player Taris used command: SpawnItem 8366 1 (player is admin)
[2018.06.26-14.30.37:327][612]Player Taris used command: SpawnItem 8366 1 (player is admin)
[2018.06.26-14.30.37:498][617]Player Taris used command: SpawnItem 8366 1 (player is admin)
[2018.06.26-14.30.37:664][622]Player Taris used command: SpawnItem 8366 1 (player is admin)
[2018.06.26-14.30.37:864][628]Player Taris used command: SpawnItem 8366 1 (player is admin)
[2018.06.26-14.30.38:102][635]Player Taris used command: SpawnItem 8366 1 (player is admin)
[2018.06.26-14.30.39:037][663]Player Taris used command: SpawnItem 8368 1 (player is admin)
[2018.06.26-14.30.39:271][670]Player Taris used command: SpawnItem 8368 1 (player is admin)
[2018.06.26-14.30.39:704][683]Player Taris used command: SpawnItem 8368 1 (player is admin)
[2018.06.26-14.30.43:039][783]Player Taris used command: SpawnItem 8372 1 (player is admin)
[2018.06.26-14.30.43:238][789]Player Taris used command: SpawnItem 8372 1 (player is admin)
[2018.06.26-14.30.43:405][794]Player Taris used command: SpawnItem 8372 1 (player is admin)
[2018.06.26-14.30.43:573][799]Player Taris used command: SpawnItem 8372 1 (player is admin)
[2018.06.26-14.30.43:773][805]Player Taris used command: SpawnItem 8372 1 (player is admin)
[2018.06.26-14.30.43:940][810]Player Taris used command: SpawnItem 8372 1 (player is admin)
[2018.06.26-14.34.10:090][962]Player Taris used command: SpawnItem 8352 1 (player is admin)
[2018.06.26-14.34.10:289][968]Player Taris used command: SpawnItem 8352 1 (player is admin)
[2018.06.26-14.34.12:534][ 29]Player Taris used command: SpawnItem 8352 1 (player is admin)
[2018.06.26-14.34.12:585][ 30]Player Taris used command: SpawnItem 8352 1 (player is admin)
[2018.06.26-14.34.12:786][ 36]Player Taris used command: SpawnItem 8352 1 (player is admin)
[2018.06.26-14.34.13:651][ 62]Player Taris used command: SpawnItem 8364 1 (player is admin)
[2018.06.26-14.34.13:852][ 68]Player Taris used command: SpawnItem 8364 1 (player is admin)
[2018.06.26-14.34.14:018][ 73]Player Taris used command: SpawnItem 8364 1 (player is admin)
[2018.06.26-14.34.14:184][ 78]Player Taris used command: SpawnItem 8364 1 (player is admin)
[2018.06.26-14.34.14:352][ 83]Player Taris used command: SpawnItem 8364 1 (player is admin)
[2018.06.26-14.34.14:558][ 89]Player Taris used command: SpawnItem 8364 1 (player is admin)
[2018.06.26-14.34.15:429][115]Player Taris used command: SpawnItem 8366 1 (player is admin)
[2018.06.26-14.34.15:628][121]Player Taris used command: SpawnItem 8366 1 (player is admin)
[2018.06.26-14.34.15:827][127]Player Taris used command: SpawnItem 8366 1 (player is admin)
[2018.06.26-14.34.19:029][223]Player Taris used command: SpawnItem 8370 1 (player is admin)
[2018.06.26-14.34.19:197][228]Player Taris used command: SpawnItem 8370 1 (player is admin)
[2018.06.26-14.34.19:363][233]Player Taris used command: SpawnItem 8370 1 (player is admin)
[2018.06.26-14.34.19:563][239]Player Taris used command: SpawnItem 8370 1 (player is admin)
[2018.06.26-14.34.19:728][244]Player Taris used command: SpawnItem 8370 1 (player is admin)
[2018.06.26-14.34.20:095][255]Player Taris used command: SpawnItem 8371 1 (player is admin)
[2018.06.26-14.34.20:260][260]Player Taris used command: SpawnItem 8371 1 (player is admin)
[2018.06.26-14.34.20:462][266]Player Taris used command: SpawnItem 8371 1 (player is admin)
[2018.06.26-14.34.20:629][271]Player Taris used command: SpawnItem 8371 1 (player is admin)
[2018.06.26-14.38.51:912][372]Player Taris used command: SpawnItem 8367 1 (player is admin)
[2018.06.26-14.38.52:079][377]Player Taris used command: SpawnItem 8367 1 (player is admin)
[2018.06.26-14.38.52:281][383]Player Taris used command: SpawnItem 8367 1 (player is admin)
[2018.06.26-14.38.52:449][388]Player Taris used command: SpawnItem 8367 1 (player is admin)
[2018.06.26-14.38.52:649][394]Player Taris used command: SpawnItem 8367 1 (player is admin)
[2018.06.26-14.38.52:882][401]Player Taris used command: SpawnItem 8367 1 (player is admin)
[2018.06.26-14.38.53:382][416]Player Taris used command: SpawnItem 8367 1 (player is admin)
[2018.06.26-14.38.53:582][422]Player Taris used command: SpawnItem 8367 1 (player is admin)
[2018.06.26-14.38.53:782][428]Player Taris used command: SpawnItem 8367 1 (player is admin)
[2018.06.26-14.38.53:947][433]Player Taris used command: SpawnItem 8367 1 (player is admin)
[2018.06.26-14.38.54:112][438]Player Taris used command: SpawnItem 8367 1 (player is admin)
[2018.06.26-14.38.54:311][444]Player Taris used command: SpawnItem 8367 1 (player is admin)
[2018.06.26-14.38.54:476][449]Player Taris used command: SpawnItem 8367 1 (player is admin)
[2018.06.26-14.38.54:647][454]Player Taris used command: SpawnItem 8367 1 (player is admin)
[2018.06.26-14.38.54:815][459]Player Taris used command: SpawnItem 8367 1 (player is admin)
[2018.06.26-14.38.54:984][464]Player Taris used command: SpawnItem 8367 1 (player is admin)
[2018.06.26-14.38.55:152][469]Player Taris used command: SpawnItem 8367 1 (player is admin)
[2018.06.26-14.38.55:318][474]Player Taris used command: SpawnItem 8367 1 (player is admin)
[2018.06.26-14.38.55:485][479]Player Taris used command: SpawnItem 8367 1 (player is admin)
[2018.06.26-14.43.30:379][678]Player Taris used command: SpawnItem 8332 100 (player is admin)
[2018.06.26-14.43.36:305][851]Player Taris used command: SpawnItem 8318 100 (player is admin)
[2018.06.26-15.07.21:786][386]Player Taris used command: SpawnItem 8369 1 (player is admin)
[2018.06.26-15.07.21:955][391]Player Taris used command: SpawnItem 8369 1 (player is admin)
[2018.06.26-15.07.27:454][555]Player Taris used command: SpawnItem 8351 1 (player is admin)
[2018.06.26-15.07.27:620][560]Player Taris used command: SpawnItem 8351 1 (player is admin)
[2018.06.26-15.07.27:787][565]Player Taris used command: SpawnItem 8351 1 (player is admin)
[2018.06.26-15.07.27:955][570]Player Taris used command: SpawnItem 8351 1 (player is admin)
[2018.06.26-15.07.28:121][575]Player Taris used command: SpawnItem 8351 1 (player is admin)
[2018.06.26-15.07.28:329][581]Player Taris used command: SpawnItem 8351 1 (player is admin)
[2018.06.26-15.07.28:499][586]Player Taris used command: SpawnItem 8351 1 (player is admin)
[2018.06.26-15.07.28:633][590]Player Taris used command: SpawnItem 8351 1 (player is admin)
[2018.06.26-15.07.28:800][595]Player Taris used command: SpawnItem 8351 1 (player is admin)
[2018.06.26-15.07.28:967][600]Player Taris used command: SpawnItem 8351 1 (player is admin)
[2018.06.26-15.07.29:133][605]Player Taris used command: SpawnItem 8351 1 (player is admin)
[2018.06.26-15.07.29:335][611]Player Taris used command: SpawnItem 8351 1 (player is admin)
[2018.06.26-15.47.40:831][468]Player Taris used command: SpawnItem 80852 1 (player is admin)
[2018.06.26-19.25.57:867][522]Player Taris entered movement mode Flying (player is admin)
[2018.06.26-19.25.57:870][522]Player Taris used command: ghost (player is admin)
[2018.06.26-19.35.09:514][885]Player Taris used command: SpawnItem 8120 2 (player is admin)
[2018.06.26-19.35.10:245][907]Player Taris used command: SpawnItem 8121 2 (player is admin)
[2018.06.26-19.35.10:924][927]Player Taris used command: SpawnItem 8122 2 (player is admin)
[2018.06.26-19.35.11:667][949]Player Taris used command: SpawnItem 8123 2 (player is admin)
[2018.06.26-19.35.12:366][970]Player Taris used command: SpawnItem 8124 2 (player is admin)
[2018.06.26-19.35.21:353][232]Player Taris used command: SpawnItem 8260 2 (player is admin)
[2018.06.26-19.35.40:672][808]Player Taris used command: Teleporttoplayer ifri (player is admin)
[2018.06.26-19.36.43:342][656]Player Taris used command: ghost (player is admin)
[2018.06.26-19.37.23:511][850]Player Taris used command: fly (player is admin)
[2018.06.26-19.38.30:617][854]Player Taris used command: Cloak (player is admin)
[2018.06.26-19.39.10:943][ 59]Player Taris used command: ghost (player is admin)
[2018.06.26-19.41.47:718][716]Player Taris used command: SpawnItem 53502 1 (player is admin)
[2018.06.26-19.41.47:853][720]Player Taris used command: SpawnItem 53502 1 (player is admin)
[2018.06.26-19.41.48:020][725]Player Taris used command: SpawnItem 53502 1 (player is admin)
[2018.06.26-19.41.48:184][730]Player Taris used command: SpawnItem 53502 1 (player is admin)
[2018.06.26-19.41.48:319][734]Player Taris used command: SpawnItem 53502 1 (player is admin)
[2018.06.26-19.41.48:486][739]Player Taris used command: SpawnItem 53502 1 (player is admin)
[2018.06.26-19.49.55:618][243]Player Taris used command: walk (player is admin)
[2018.06.26-19.53.52:306][286]Player Taris used command: SpawnItem 8267 1 (player is admin)
[2018.06.26-19.53.52:641][296]Player Taris used command: SpawnItem 8267 1 (player is admin)
[2018.06.26-19.54.08:605][774]Player Taris entered movement mode Flying (player is admin)
[2018.06.26-19.54.08:610][774]Player Taris used command: fly (player is admin)
[2018.06.26-20.11.49:844][426]Player Taris used command: Cloak (player is admin)
[2018.06.26-20.11.50:513][446]Player Taris used command: Cloak (player is admin)
[2018.06.26-20.12.07:367][949]Player Taris used command: walk (player is admin)
[2018.06.26-20.14.13:035][693]Player Taris used command: Cloak (player is admin)
[2018.06.26-20.14.15:044][753]Player Taris used command: Cloak (player is admin)
[2018.06.26-20.14.17:661][831]Player Taris used command: Cloak (player is admin)
[2018.06.26-20.14.36:503][389]Player Taris used command: Cloak (player is admin)
[2018.06.26-20.14.43:486][598]Player Taris used command: Cloak (player is admin)
[2018.06.26-20.16.02:417][954]Player Taris entered movement mode Flying (player is admin)
[2018.06.26-20.16.02:422][954]Player Taris used command: fly (player is admin)
[2018.06.26-20.16.42:596][147]Player Taris used command: God (player is admin)
[2018.06.26-20.17.37:292][773]Player Taris entered movement mode Flying (player is admin)
[2018.06.26-20.17.37:293][773]Player Taris used command: fly (player is admin)
[2018.06.26-20.19.42:284][504]Player Taris used command: God (player is admin)
[2018.06.27-00.10.20:713][529]Log file closed, 06/27/18 01:10:20
